<?xml version="1.0" encoding="UTF-8"?>
<testsuite xmlns:xsi="http://www.w3.org/2001/XMLSchema-instance" xsi:noNamespaceSchemaLocation="https://maven.apache.org/surefire/maven-surefire-plugin/xsd/surefire-test-report-3.0.xsd" version="3.0" name="com.lpu.webtest.HelloControllerIntegrationTest" time="8.695" tests="1" errors="0" skipped="0" failures="0">
  <properties>
[...]
</properties>
  <testcase name="sayHello_ShouldReturnDefaultMessage" classname="com.lpu.webtest.HelloControllerIntegrationTest" time="2.086">
    <system-out><![CDATA[10:07:52.509 [main] INFO org.springframework.test.context.support.AnnotationConfigContextLoaderUtils -- Could not detect default configuration classes for test class [com.lpu.webtest.HelloControllerIntegrationTest]: HelloControllerIntegrationTest does not declare any static, non-private, non-final, nested classes annotated with @Configuration.
10:07:52.925 [main] INFO org.springframework.boot.test.context.SpringBootTestContextBootstrapper -- Found @SpringBootConfiguration com.lpu.webtest.DemoApplication for test class com.lpu.webtest.HelloControllerIntegrationTest

  .   ____          _            __ _ _
 /\\ / ___'_ __ _ _(_)_ __  __ _ \ \ \ \
( ( )\___ | '_ | '_| | '_ \/ _` | \ \ \ \
 \\/  ___)| |_)| | | | | || (_| |  ) ) ) )
  '  |____| .__|_| |_|_| |_\__, | / / / /
 =========|_|==============|___/=/_/_/_/
 :: Spring Boot ::                (v3.1.0)

2024-09-18T10:07:54.520-04:00  INFO 24976 --- [           main] c.l.w.HelloControllerIntegrationTest     : Starting HelloControllerIntegrationTest using Java 17.0.6 with PID 24976 (started by Leo Pu in D:\SourceCode\Integration\Spring\WebIntegrationTest)
2024-09-18T10:07:54.521-04:00  INFO 24976 --- [           main] c.l.w.HelloControllerIntegrationTest     : No active profile set, falling back to 1 default profile: "default"
2024-09-18T10:07:57.384-04:00  INFO 24976 --- [           main] o.s.b.w.embedded.tomcat.TomcatWebServer  : Tomcat initialized with port(s): 0 (http)
2024-09-18T10:07:57.392-04:00  INFO 24976 --- [           main] o.apache.catalina.core.StandardService   : Starting service [Tomcat]
2024-09-18T10:07:57.393-04:00  INFO 24976 --- [           main] o.apache.catalina.core.StandardEngine    : Starting Servlet engine: [Apache Tomcat/10.1.8]
2024-09-18T10:07:57.819-04:00  INFO 24976 --- [           main] o.a.c.c.C.[Tomcat].[localhost].[/]       : Initializing Spring embedded WebApplicationContext
2024-09-18T10:07:57.820-04:00  INFO 24976 --- [           main] w.s.c.ServletWebServerApplicationContext : Root WebApplicationContext: initialization completed in 2839 ms
2024-09-18T10:07:58.468-04:00  INFO 24976 --- [           main] o.s.b.w.embedded.tomcat.TomcatWebServer  : Tomcat started on port(s): 56322 (http) with context path ''
2024-09-18T10:07:58.483-04:00  INFO 24976 --- [           main] c.l.w.HelloControllerIntegrationTest     : Started HelloControllerIntegrationTest in 4.925 seconds (process running for 7.53)
2024-09-18T10:08:00.341-04:00  INFO 24976 --- [o-auto-1-exec-1] o.a.c.c.C.[Tomcat].[localhost].[/]       : Initializing Spring DispatcherServlet 'dispatcherServlet'
2024-09-18T10:08:00.341-04:00  INFO 24976 --- [o-auto-1-exec-1] o.s.web.servlet.DispatcherServlet        : Initializing Servlet 'dispatcherServlet'
2024-09-18T10:08:00.341-04:00  INFO 24976 --- [o-auto-1-exec-1] o.s.web.servlet.DispatcherServlet        : Completed initialization in 0 ms
]]></system-out>
  </testcase>
</testsuite>